c:\users\emili\desktop\proyectos\appleworm3d\opengl-basico\release\vc143.pdb
c:\users\emili\desktop\proyectos\appleworm3d\opengl-basico\release\tinyxmlerror.obj
c:\users\emili\desktop\proyectos\appleworm3d\opengl-basico\release\tinyxml.obj
c:\users\emili\desktop\proyectos\appleworm3d\opengl-basico\release\tinystr.obj
c:\users\emili\desktop\proyectos\appleworm3d\opengl-basico\release\terrain.obj
c:\users\emili\desktop\proyectos\appleworm3d\opengl-basico\release\scene.obj
c:\users\emili\desktop\proyectos\appleworm3d\opengl-basico\release\portal.obj
c:\users\emili\desktop\proyectos\appleworm3d\opengl-basico\release\lava.obj
c:\users\emili\desktop\proyectos\appleworm3d\opengl-basico\release\gameobject.obj
c:\users\emili\desktop\proyectos\appleworm3d\opengl-basico\release\cubegridelement.obj
c:\users\emili\desktop\proyectos\appleworm3d\opengl-basico\release\cubegrid.obj
c:\users\emili\desktop\proyectos\appleworm3d\opengl-basico\release\colors.obj
c:\users\emili\desktop\proyectos\appleworm3d\opengl-basico\release\camera.obj
c:\users\emili\desktop\proyectos\appleworm3d\opengl-basico\release\apple.obj
c:\users\emili\desktop\proyectos\appleworm3d\opengl-basico\release\animator.obj
c:\users\emili\desktop\proyectos\appleworm3d\opengl-basico\release\wormpart.obj
c:\users\emili\desktop\proyectos\appleworm3d\opengl-basico\release\worm.obj
c:\users\emili\desktop\proyectos\appleworm3d\opengl-basico\release\utils.obj
c:\users\emili\desktop\proyectos\appleworm3d\opengl-basico\release\tinyxmlparser.obj
c:\users\emili\desktop\proyectos\appleworm3d\opengl-basico\release\fontmanager.obj
c:\users\emili\desktop\proyectos\appleworm3d\opengl-basico\release\levelselectionscreen.obj
c:\users\emili\desktop\proyectos\appleworm3d\opengl-basico\release\menuscreen.obj
c:\users\emili\desktop\proyectos\appleworm3d\opengl-basico\release\menu.obj
c:\users\emili\desktop\proyectos\appleworm3d\opengl-basico\release\game.obj
c:\users\emili\desktop\proyectos\appleworm3d\opengl-basico\release\main.obj
c:\users\emili\desktop\proyectos\appleworm3d\release\appleworm3d.exe
c:\users\emili\desktop\proyectos\appleworm3d\release\appleworm3d.pdb
c:\users\emili\desktop\proyectos\appleworm3d\opengl-basico\release\appleworm3d.ipdb
c:\users\emili\desktop\proyectos\appleworm3d\opengl-basico\release\appleworm3d.iobj
c:\users\emili\desktop\proyectos\appleworm3d\opengl-basico\release\opengl-basico.ipdb
c:\users\emili\desktop\proyectos\appleworm3d\opengl-basico\release\opengl-basico.iobj
c:\users\emili\desktop\proyectos\appleworm3d\opengl-basico\release\vc142.pdb
c:\users\emili\desktop\proyectos\appleworm3d\opengl-basico\release\appleworm3d.tlog\cl.command.1.tlog
c:\users\emili\desktop\proyectos\appleworm3d\opengl-basico\release\appleworm3d.tlog\cl.items.tlog
c:\users\emili\desktop\proyectos\appleworm3d\opengl-basico\release\appleworm3d.tlog\cl.read.1.tlog
c:\users\emili\desktop\proyectos\appleworm3d\opengl-basico\release\appleworm3d.tlog\cl.write.1.tlog
c:\users\emili\desktop\proyectos\appleworm3d\opengl-basico\release\appleworm3d.tlog\link.command.1.tlog
c:\users\emili\desktop\proyectos\appleworm3d\opengl-basico\release\appleworm3d.tlog\link.read.1.tlog
c:\users\emili\desktop\proyectos\appleworm3d\opengl-basico\release\appleworm3d.tlog\link.secondary.1.tlog
c:\users\emili\desktop\proyectos\appleworm3d\opengl-basico\release\appleworm3d.tlog\link.write.1.tlog
