C:\Program Files\Microsoft Visual Studio\2022\Community\MSBuild\Microsoft\VC\v170\Microsoft.CppBuild.targets(534,5): warning MSB8028: El directorio intermedio (Release\) contiene archivos compartidos de otro proyecto (OpenGL-basico.vcxproj). Esto puede dar lugar a un comportamiento incorrecto de limpieza y recompilación.
  Game.cpp
C:\Users\emili\Desktop\proyectos\AppleWorm3D\OpenGL-basico\Game.cpp(428,20): warning C4244: 'argumento': conversión de 'int' a 'GLfloat'; posible pérdida de datos
C:\Users\emili\Desktop\proyectos\AppleWorm3D\OpenGL-basico\Game.cpp(429,33): warning C4244: 'argumento': conversión de 'int' a 'GLfloat'; posible pérdida de datos
C:\Users\emili\Desktop\proyectos\AppleWorm3D\OpenGL-basico\Game.cpp(429,20): warning C4244: 'argumento': conversión de 'int' a 'GLfloat'; posible pérdida de datos
C:\Users\emili\Desktop\proyectos\AppleWorm3D\OpenGL-basico\Game.cpp(430,23): warning C4244: 'argumento': conversión de 'int' a 'GLfloat'; posible pérdida de datos
C:\Users\emili\Desktop\proyectos\AppleWorm3D\OpenGL-basico\Game.cpp(445,63): warning C4244: 'argumento': conversión de 'int' a 'float'; posible pérdida de datos
C:\Users\emili\Desktop\proyectos\AppleWorm3D\OpenGL-basico\Game.cpp(445,46): warning C4244: 'argumento': conversión de 'int' a 'float'; posible pérdida de datos
C:\Users\emili\Desktop\proyectos\AppleWorm3D\OpenGL-basico\Game.cpp(451,69): warning C4244: 'argumento': conversión de 'int' a 'float'; posible pérdida de datos
C:\Users\emili\Desktop\proyectos\AppleWorm3D\OpenGL-basico\Game.cpp(451,52): warning C4244: 'argumento': conversión de 'int' a 'float'; posible pérdida de datos
C:\Users\emili\Desktop\proyectos\AppleWorm3D\OpenGL-basico\Game.cpp(457,66): warning C4244: 'argumento': conversión de 'int' a 'float'; posible pérdida de datos
C:\Users\emili\Desktop\proyectos\AppleWorm3D\OpenGL-basico\Game.cpp(457,49): warning C4244: 'argumento': conversión de 'int' a 'float'; posible pérdida de datos
C:\Users\emili\Desktop\proyectos\AppleWorm3D\OpenGL-basico\Game.cpp(463,65): warning C4244: 'argumento': conversión de 'int' a 'float'; posible pérdida de datos
C:\Users\emili\Desktop\proyectos\AppleWorm3D\OpenGL-basico\Game.cpp(463,48): warning C4244: 'argumento': conversión de 'int' a 'float'; posible pérdida de datos
C:\Users\emili\Desktop\proyectos\AppleWorm3D\OpenGL-basico\Game.cpp(469,66): warning C4244: 'argumento': conversión de 'int' a 'float'; posible pérdida de datos
C:\Users\emili\Desktop\proyectos\AppleWorm3D\OpenGL-basico\Game.cpp(469,49): warning C4244: 'argumento': conversión de 'int' a 'float'; posible pérdida de datos
C:\Users\emili\Desktop\proyectos\AppleWorm3D\OpenGL-basico\Game.cpp(480,77): warning C4244: 'argumento': conversión de 'int' a 'float'; posible pérdida de datos
C:\Users\emili\Desktop\proyectos\AppleWorm3D\OpenGL-basico\Game.cpp(480,60): warning C4244: 'argumento': conversión de 'int' a 'float'; posible pérdida de datos
C:\Users\emili\Desktop\proyectos\AppleWorm3D\OpenGL-basico\Game.cpp(486,67): warning C4244: 'argumento': conversión de 'int' a 'float'; posible pérdida de datos
C:\Users\emili\Desktop\proyectos\AppleWorm3D\OpenGL-basico\Game.cpp(486,50): warning C4244: 'argumento': conversión de 'int' a 'float'; posible pérdida de datos
C:\Users\emili\Desktop\proyectos\AppleWorm3D\OpenGL-basico\Game.cpp(492,59): warning C4244: 'argumento': conversión de 'int' a 'float'; posible pérdida de datos
C:\Users\emili\Desktop\proyectos\AppleWorm3D\OpenGL-basico\Game.cpp(492,42): warning C4244: 'argumento': conversión de 'int' a 'float'; posible pérdida de datos
C:\Users\emili\Desktop\proyectos\AppleWorm3D\OpenGL-basico\Game.cpp(1167,14): warning C4805: '==': combinación no segura del tipo 'GLboolean' y el tipo 'bool' en la operación
Release\Portal.obj : warning LNK4042: objeto especificado más de una vez; omitidos los sobrantes
  Generando código
  15 of 1475 functions ( 1.0%) were compiled, the rest were copied from previous compilation.
    0 functions were new in current compilation
    48 functions had inline decision re-evaluated but remain unchanged
  Generación de código finalizada
  OpenGL-basico.vcxproj -> C:\Users\emili\Desktop\proyectos\AppleWorm3D\Release\AppleWorm3D.exe
